<?xml version="1.0" encoding="UTF-8"?>
<!-- Generated by org.testng.reporters.JUnitReportReporter -->
<testsuite hostname="LAPTOP-M3HSMS1J" failures="0" tests="1" name="Practice.Testcase3" time="0.008" errors="0" timestamp="2023-01-22T11:47:41 IST" skipped="0">
  <testcase classname="Practice.Testcase3" name="testCase3" time="0.008"/>
  <system-out>
    <![CDATA[testCase3 called]]>
  </system-out>
</testsuite> <!-- Practice.Testcase3 -->
