<?xml version="1.0" encoding="UTF-8"?>
<!-- Generated by org.testng.reporters.JUnitReportReporter -->
<testsuite hostname="LAPTOP-M3HSMS1J" failures="0" tests="1" name="Practice.TestCase2" time="0.002" errors="0" timestamp="2023-01-22T11:47:41 IST" skipped="0">
  <testcase classname="Practice.TestCase2" name="TestCaseTwo" time="0.002"/>
  <system-out>
    <![CDATA[Test Case 2 called]]>
  </system-out>
</testsuite> <!-- Practice.TestCase2 -->
