<?xml version="1.0" encoding="UTF-8"?>
<!-- Generated by org.testng.reporters.JUnitReportReporter -->
<testsuite hostname="LAPTOP-M3HSMS1J" failures="0" tests="1" name="Practice.TestCase4" time="0.001" errors="0" timestamp="2023-01-22T12:18:09 IST" skipped="0">
  <testcase classname="Practice.TestCase4" name="TestCaseFour" time="0.001"/>
  <system-out>
    <![CDATA[TestCase 4 called]]>
  </system-out>
</testsuite> <!-- Practice.TestCase4 -->
